{
  "0 debug pnpm:scope": {
    "selected": 1
  },
  "1 error pnpm": {
    "code": "ELIFECYCLE",
    "errno": "ENOENT",
    "syscall": "spawn",
    "file": "sh",
    "pkgid": "nathan-kim@1.0.0",
    "stage": "dev",
    "script": "svelte-kit dev",
    "pkgname": "nathan-kim",
    "err": {
      "name": "pnpm",
      "message": "nathan-kim@1.0.0 dev: `svelte-kit dev`\nspawn ENOENT",
      "code": "ELIFECYCLE",
      "stack": "pnpm: nathan-kim@1.0.0 dev: `svelte-kit dev`\nspawn ENOENT\n    at ChildProcess.<anonymous> (/home/nathan/.nvm/versions/node/v18.2.0/pnpm-global/5/node_modules/.pnpm/pnpm@7.1.5/node_modules/pnpm/dist/pnpm.cjs:93465:22)\n    at ChildProcess.emit (node:events:527:28)\n    at maybeClose (node:internal/child_process:1090:16)\n    at ChildProcess._handle.onexit (node:internal/child_process:302:5)"
    }
  }
}